C51 COMPILER V9.54   DELAY                                                                 12/20/2015 20:35:44 PAGE 1   


C51 COMPILER V9.54, COMPILATION OF MODULE DELAY
OBJECT MODULE PLACED IN .\Objects\delay.obj
COMPILER INVOKED BY: C:\Keil_v5\C51\BIN\C51.EXE delay.c OPTIMIZE(8,SPEED) BROWSE DEBUG OBJECTEXTEND PRINT(.\Listings\del
                    -ay.lst) TABS(2) OBJECT(.\Objects\delay.obj)

line level    source

   1          /*----------------------------------------------------------------------------------
   2                                8051 delay library  with the crystal frequency 11.0592MHz
   3          Filename: delay.c
   4          Controller: P89V51RD2/89c51(8051 family)
   5          Oscillator: 11.0592 MHz
   6          Author: XploreLabz
   7          website: www.xplorelabz.com
   8           ----------------------------------------------------------------------------------*/
   9          #include<at89x51.h>
  10          
  11          
  12          /*----------------------------------------------------------------------------------
  13                                   void delay_us(unsigned int n)
  14           ----------------------------------------------------------------------------------
  15           * I/P Arguments: unsigned int.
  16           * Return value : none
  17          
  18           * description :
  19                   This function is used generate delay in us.
  20                   It genarates a approximate delay of 10us for each count,
  21                   if 5000 is passed as the argument then it generates a delay of apprx 50ms.
  22          
  23           note: 0(zero) should not be passed as the argument.
  24          -----------------------------------------------------------------------------------*/
  25          void delay_us(unsigned int us_count)
  26           {   do
  27   1            {
  28   2           us_count--;
  29   2           }while(us_count);
  30   1         }
  31          
  32          
  33          
  34          /*----------------------------------------------------------------------------------
  35                                   void delay_ms(unsigned int n)
  36           -----------------------------------------------------------------------------------
  37           * I/P Arguments: unsigned int.
  38           * Return value : none
  39          
  40           * description:
  41               This function is used generate delay in ms.
  42               It genarates a approximate delay of 1ms for each count,
  43               if 1000 is passed as the argument then it generates delay of apprx 1000ms(1sec)
  44          -----------------------------------------------------------------------------------*/
  45          void delay_ms(unsigned int ms_count)
  46           {
  47   1              while(ms_count!=0)
  48   1           {
  49   2                delay_us(112);   //delay_us is called to generate 1ms delay
  50   2             ms_count--;
  51   2            }
  52   1      
  53   1         }
  54          /*Actual library consisted of many functions. Truncated to save flash space for AT89S51 microcontroller*/
C51 COMPILER V9.54   DELAY                                                                 12/20/2015 20:35:44 PAGE 2   



MODULE INFORMATION:   STATIC OVERLAYABLE
   CODE SIZE        =     33    ----
   CONSTANT SIZE    =   ----    ----
   XDATA SIZE       =   ----    ----
   PDATA SIZE       =   ----    ----
   DATA SIZE        =   ----    ----
   IDATA SIZE       =   ----    ----
   BIT SIZE         =   ----    ----
END OF MODULE INFORMATION.


C51 COMPILATION COMPLETE.  0 WARNING(S),  0 ERROR(S)
